SF:/mnt/c/Users/Useres/Desktop/ce205-midterm-beyza-aydin-gokcenur-haymana-siray-sanem-bozdogan-duha-beyza-gungor-c/src/event/src/event.cpp
DA:1522,1
DA:1523,1
DA:1524,1
DA:1521,1
DA:2536,1
DA:2537,1
DA:2538,1
DA:2535,1
DA:2524,1
DA:2525,1
DA:2526,1
DA:2523,1
DA:2549,1
DA:2548,1
DA:314,1
DA:315,1
DA:316,1
DA:317,1
DA:318,1
DA:319,1
DA:313,1
DA:91,1
DA:92,1
DA:93,1
DA:90,1
DA:78,1
DA:79,1
DA:80,1
DA:81,1
DA:77,1
DA:1941,1
DA:1942,1
DA:1943,1
DA:1940,1
DA:1910,1
DA:1911,1
DA:1912,1
DA:1913,1
DA:1909,1
DA:1927,1
DA:1928,1
DA:1926,1
DA:291,1
DA:292,1
DA:293,1
DA:294,1
DA:295,1
DA:290,1
DA:1958,1
DA:1959,1
DA:1957,1
DA:50,1
DA:57,1
DA:1503,1
DA:1513,1
DA:1898,1
DA:1899,1
DA:1900,1
DA:2437,1
DA:2445,1
DA:69,1
DA:82,1
DA:94,1
DA:296,1
DA:320,1
DA:1960,1
DA:2527,1
DA:2539,1
DA:2550,1
DA:304,1
DA:328,1
DA:336,1
DA:1528,1
DA:1536,1
DA:1917,1
DA:1932,1
DA:1947,1
DA:1963,1
DA:2453,1
DA:2461,1
DA:2471,1
DA:2480,1
DA:2488,1
DA:2497,1
DA:2505,1
DA:2513,1
DA:36,1
DA:109,1
DA:138,1
DA:158,1
DA:175,1
DA:1613,1
DA:1672,1
DA:210,1
DA:585,1
DA:632,1
DA:1785,1
DA:688,1
DA:349,1
DA:366,1
DA:403,1
DA:435,1
DA:469,1
DA:506,1
DA:522,1
DA:661,1
DA:754,1
DA:808,1
DA:839,1
DA:892,1
DA:924,1
DA:961,1
DA:1004,1
DA:1045,1
DA:1093,1
DA:1146,1
DA:1192,1
DA:1251,1
DA:1283,1
DA:1306,1
DA:1325,1
DA:1386,1
DA:1469,1
DA:1712,1
DA:1737,1
DA:1810,1
DA:1976,1
DA:1988,1
DA:2012,1
DA:2047,1
DA:2069,1
DA:2079,1
DA:2089,1
DA:2099,1
DA:2112,1
DA:2124,1
DA:2136,1
DA:2151,1
DA:2169,1
DA:2181,1
DA:2194,1
DA:2211,1
DA:2235,1
DA:2263,1
DA:2280,1
DA:2298,1
DA:2330,1
DA:2389,1
DA:2419,1
DA:2561,1
DA:2592,1
DA:2637,1
DA:2666,1
DA:2678,1
DA:2695,1
DA:2731,1
DA:2765,1
DA:2804,1
DA:2837,1
DA:2857,1
DA:2879,1
DA:1,0
end_of_record
SF:/mnt/c/Users/Useres/Desktop/ce205-midterm-beyza-aydin-gokcenur-haymana-siray-sanem-bozdogan-duha-beyza-gungor-c/README.md
DA:1,0
end_of_record
SF:/mnt/c/Users/Useres/Desktop/ce205-midterm-beyza-aydin-gokcenur-haymana-siray-sanem-bozdogan-duha-beyza-gungor-c/src/event/header/event.h
DA:12,1
DA:13,1
DA:14,1
DA:15,1
DA:16,1
DA:17,1
DA:18,1
DA:19,1
DA:20,1
DA:21,1
DA:22,1
DA:23,1
DA:24,1
DA:25,1
DA:26,1
DA:27,1
DA:28,1
DA:29,0
DA:30,0
DA:31,0
DA:32,0
DA:33,0
DA:34,0
DA:35,1
DA:36,1
DA:37,1
DA:39,1
DA:1,1
end_of_record
SF:/mnt/c/Users/Useres/Desktop/ce205-midterm-beyza-aydin-gokcenur-haymana-siray-sanem-bozdogan-duha-beyza-gungor-c/src/eventapp/header/eventapp.h
DA:1,1
end_of_record
SF:/mnt/c/Users/Useres/Desktop/ce205-midterm-beyza-aydin-gokcenur-haymana-siray-sanem-bozdogan-duha-beyza-gungor-c/src/eventapp/src/eventapp.cpp
DA:28,0
DA:1,1
end_of_record
SF:/mnt/c/Users/Useres/Desktop/ce205-midterm-beyza-aydin-gokcenur-haymana-siray-sanem-bozdogan-duha-beyza-gungor-c/src/utility/header/commonTypes.h
DA:1,0
end_of_record
SF:/mnt/c/Users/Useres/Desktop/ce205-midterm-beyza-aydin-gokcenur-haymana-siray-sanem-bozdogan-duha-beyza-gungor-c/src/utility/header/mathUtility.h
DA:1,0
end_of_record
SF:/mnt/c/Users/Useres/Desktop/ce205-midterm-beyza-aydin-gokcenur-haymana-siray-sanem-bozdogan-duha-beyza-gungor-c/src/utility/src/mathUtility.cpp
DA:1,0
end_of_record
SF:/mnt/c/Users/Useres/Desktop/ce205-midterm-beyza-aydin-gokcenur-haymana-siray-sanem-bozdogan-duha-beyza-gungor-c/docs/doxygenliblinux/xml/indexpage.xml
DA:1,1
end_of_record
