SF:/mnt/c/Users/Useres/Desktop/ce205-midterm-beyza-aydin-gokcenur-haymana-siray-sanem-bozdogan-duha-beyza-gungor-c/src/event/src/event.cpp
DA:1524,1
DA:1525,1
DA:1526,1
DA:1523,1
DA:2538,1
DA:2539,1
DA:2540,1
DA:2537,1
DA:2526,1
DA:2527,1
DA:2528,1
DA:2525,1
DA:2551,1
DA:2550,1
DA:314,1
DA:315,1
DA:316,1
DA:317,1
DA:318,1
DA:319,1
DA:313,1
DA:91,1
DA:92,1
DA:93,1
DA:90,1
DA:78,1
DA:79,1
DA:80,1
DA:81,1
DA:77,1
DA:1943,1
DA:1944,1
DA:1945,1
DA:1942,1
DA:1912,1
DA:1913,1
DA:1914,1
DA:1915,1
DA:1911,1
DA:1929,1
DA:1930,1
DA:1928,1
DA:291,1
DA:292,1
DA:293,1
DA:294,1
DA:295,1
DA:290,1
DA:1960,1
DA:1961,1
DA:1959,1
DA:50,1
DA:57,1
DA:1505,1
DA:1515,1
DA:1900,1
DA:1901,1
DA:1902,1
DA:2439,1
DA:2447,1
DA:69,1
DA:82,1
DA:94,1
DA:296,1
DA:320,1
DA:1962,1
DA:2529,1
DA:2541,1
DA:2552,1
DA:304,1
DA:328,1
DA:336,1
DA:1530,1
DA:1538,1
DA:1919,1
DA:1934,1
DA:1949,1
DA:1965,1
DA:2455,1
DA:2463,1
DA:2473,1
DA:2482,1
DA:2490,1
DA:2499,1
DA:2507,1
DA:2515,1
DA:36,1
DA:109,1
DA:138,1
DA:158,1
DA:175,1
DA:1615,1
DA:1674,1
DA:210,1
DA:587,1
DA:634,1
DA:1787,1
DA:690,1
DA:349,1
DA:366,1
DA:403,1
DA:435,1
DA:471,1
DA:508,1
DA:524,1
DA:663,1
DA:756,1
DA:810,1
DA:841,1
DA:894,1
DA:926,1
DA:963,1
DA:1006,1
DA:1047,1
DA:1095,1
DA:1148,1
DA:1194,1
DA:1253,1
DA:1285,1
DA:1308,1
DA:1327,1
DA:1388,1
DA:1471,1
DA:1714,1
DA:1739,1
DA:1812,1
DA:1978,1
DA:1990,1
DA:2014,1
DA:2049,1
DA:2071,1
DA:2081,1
DA:2091,1
DA:2101,1
DA:2114,1
DA:2126,1
DA:2138,1
DA:2153,1
DA:2171,1
DA:2183,1
DA:2196,1
DA:2213,1
DA:2237,1
DA:2265,1
DA:2282,1
DA:2300,1
DA:2332,1
DA:2391,1
DA:2421,1
DA:2563,1
DA:2594,1
DA:2639,1
DA:2668,1
DA:2680,1
DA:2697,1
DA:2733,1
DA:2767,1
DA:2806,1
DA:2839,1
DA:2859,1
DA:2881,1
DA:1,0
end_of_record
SF:/mnt/c/Users/Useres/Desktop/ce205-midterm-beyza-aydin-gokcenur-haymana-siray-sanem-bozdogan-duha-beyza-gungor-c/README.md
DA:1,0
end_of_record
SF:/mnt/c/Users/Useres/Desktop/ce205-midterm-beyza-aydin-gokcenur-haymana-siray-sanem-bozdogan-duha-beyza-gungor-c/src/event/header/event.h
DA:12,1
DA:13,1
DA:14,1
DA:15,1
DA:16,1
DA:17,1
DA:18,1
DA:19,1
DA:20,1
DA:21,1
DA:22,1
DA:23,1
DA:24,1
DA:25,1
DA:26,1
DA:27,1
DA:28,1
DA:29,0
DA:30,0
DA:31,0
DA:32,0
DA:33,0
DA:34,0
DA:35,1
DA:36,1
DA:37,1
DA:39,1
DA:1,1
end_of_record
SF:/mnt/c/Users/Useres/Desktop/ce205-midterm-beyza-aydin-gokcenur-haymana-siray-sanem-bozdogan-duha-beyza-gungor-c/src/eventapp/header/eventapp.h
DA:1,1
end_of_record
SF:/mnt/c/Users/Useres/Desktop/ce205-midterm-beyza-aydin-gokcenur-haymana-siray-sanem-bozdogan-duha-beyza-gungor-c/src/eventapp/src/eventapp.cpp
DA:28,0
DA:1,1
end_of_record
SF:/mnt/c/Users/Useres/Desktop/ce205-midterm-beyza-aydin-gokcenur-haymana-siray-sanem-bozdogan-duha-beyza-gungor-c/src/utility/header/commonTypes.h
DA:1,0
end_of_record
SF:/mnt/c/Users/Useres/Desktop/ce205-midterm-beyza-aydin-gokcenur-haymana-siray-sanem-bozdogan-duha-beyza-gungor-c/src/utility/header/mathUtility.h
DA:1,0
end_of_record
SF:/mnt/c/Users/Useres/Desktop/ce205-midterm-beyza-aydin-gokcenur-haymana-siray-sanem-bozdogan-duha-beyza-gungor-c/src/utility/src/mathUtility.cpp
DA:1,0
end_of_record
SF:/mnt/c/Users/Useres/Desktop/ce205-midterm-beyza-aydin-gokcenur-haymana-siray-sanem-bozdogan-duha-beyza-gungor-c/docs/doxygenliblinux/xml/indexpage.xml
DA:1,1
end_of_record
