SF:/mnt/c/Users/Useres/Desktop/ce205-midterm-beyza-aydin-gokcenur-haymana-siray-sanem-bozdogan-duha-beyza-gungor-c/src/tests/event/event_test.cpp
DA:14,0
DA:15,0
DA:16,0
DA:20,0
DA:24,0
DA:32,0
DA:40,0
DA:52,0
DA:12,0
DA:1053,0
DA:1077,0
DA:66,0
DA:76,0
DA:89,0
DA:103,0
DA:116,0
DA:131,0
DA:152,0
DA:173,0
DA:192,0
DA:214,0
DA:230,0
DA:255,0
DA:305,0
DA:349,0
DA:373,0
DA:400,0
DA:431,0
DA:461,0
DA:496,0
DA:532,0
DA:543,0
DA:551,0
DA:559,0
DA:567,0
DA:574,0
DA:582,0
DA:590,0
DA:598,0
DA:620,0
DA:651,0
DA:682,0
DA:707,0
DA:740,0
DA:750,0
DA:757,0
DA:764,0
DA:771,0
DA:778,0
DA:785,0
DA:792,0
DA:800,0
DA:809,0
DA:818,0
DA:873,0
DA:895,0
DA:923,0
DA:936,0
DA:980,0
DA:986,0
DA:994,0
DA:1001,0
DA:1012,0
DA:1021,0
DA:1028,0
DA:1054,0
DA:1078,0
DA:1097,0
DA:1118,0
DA:1152,0
DA:1155,0
DA:1158,0
DA:1164,0
DA:1177,0
DA:1190,0
DA:1200,0
DA:1235,0
DA:1251,0
DA:1256,0
DA:1270,0
DA:1282,0
DA:1286,0
DA:1290,0
DA:1301,0
DA:1325,0
DA:1339,0
DA:1347,0
DA:1359,0
DA:1374,0
DA:1380,0
DA:1387,0
DA:1393,0
DA:1400,0
DA:1435,0
DA:1449,0
DA:1456,0
DA:1463,0
DA:1470,0
DA:1477,0
DA:1484,0
DA:1490,0
DA:1497,0
DA:1504,0
DA:1564,0
DA:1577,0
DA:1590,0
DA:1624,0
DA:1645,0
DA:1669,0
DA:1696,0
DA:1751,0
DA:1800,0
DA:1837,0
DA:1869,0
DA:1876,0
DA:1883,0
DA:1890,0
DA:1897,0
DA:1904,0
DA:1911,0
DA:1918,0
DA:1925,0
DA:1957,0
DA:2000,0
DA:2007,0
DA:2014,0
DA:2043,0
DA:2092,0
DA:2167,0
DA:1,0
end_of_record
SF:/mnt/c/Users/Useres/Desktop/ce205-midterm-beyza-aydin-gokcenur-haymana-siray-sanem-bozdogan-duha-beyza-gungor-c/README.md
DA:1,0
end_of_record
SF:/mnt/c/Users/Useres/Desktop/ce205-midterm-beyza-aydin-gokcenur-haymana-siray-sanem-bozdogan-duha-beyza-gungor-c/src/tests/event/event_test.h
DA:1,0
end_of_record
SF:/mnt/c/Users/Useres/Desktop/ce205-midterm-beyza-aydin-gokcenur-haymana-siray-sanem-bozdogan-duha-beyza-gungor-c/src/tests/utility/utility_test.cpp
DA:1,0
end_of_record
SF:/mnt/c/Users/Useres/Desktop/ce205-midterm-beyza-aydin-gokcenur-haymana-siray-sanem-bozdogan-duha-beyza-gungor-c/docs/doxygentestlinux/xml/indexpage.xml
DA:1,1
end_of_record
