SF:/mnt/c/Users/Useres/Desktop/ce205-midterm-beyza-aydin-gokcenur-haymana-siray-sanem-bozdogan-duha-beyza-gungor-c/README.md
DA:1,0
end_of_record
SF:/mnt/c/Users/Useres/Desktop/ce205-midterm-beyza-aydin-gokcenur-haymana-siray-sanem-bozdogan-duha-beyza-gungor-c/src/tests/event/event_test.cpp
DA:13,1
DA:1,0
end_of_record
SF:/mnt/c/Users/Useres/Desktop/ce205-midterm-beyza-aydin-gokcenur-haymana-siray-sanem-bozdogan-duha-beyza-gungor-c/src/tests/utility/utility_test.cpp
DA:1,0
end_of_record
SF:/mnt/c/Users/Useres/Desktop/ce205-midterm-beyza-aydin-gokcenur-haymana-siray-sanem-bozdogan-duha-beyza-gungor-c/docs/doxygentestlinux/xml/indexpage.xml
DA:1,1
end_of_record
